#
# There is insufficient memory for the Java Runtime Environment to continue.
# Native memory allocation (malloc) failed to allocate 1730584 bytes. Error detail: Chunk::new
# Possible reasons:
#   The system is out of physical RAM or swap space
#   This process is running with CompressedOops enabled, and the Java Heap may be blocking the growth of the native heap
# Possible solutions:
#   Reduce memory load on the system
#   Increase physical memory or swap space
#   Check if swap backing store is full
#   Decrease Java heap size (-Xmx/-Xms)
#   Decrease number of Java threads
#   Decrease Java thread stack sizes (-Xss)
#   Set larger code cache with -XX:ReservedCodeCacheSize=
#   JVM is running with Zero Based Compressed Oops mode in which the Java heap is
#     placed in the first 32GB address space. The Java Heap base address is the
#     maximum limit for the native heap growth. Please use -XX:HeapBaseMinAddress
#     to set the Java Heap base and to place the Java Heap above 32GB virtual address.
# This output file may be truncated or incomplete.
#
#  Out of Memory Error (arena.cpp:186), pid=2908, tid=27548
#
# JRE version: OpenJDK Runtime Environment Temurin-25.0.2+10 (25.0.2+10) (build 25.0.2+10-LTS)
# Java VM: OpenJDK 64-Bit Server VM Temurin-25.0.2+10 (25.0.2+10-LTS, mixed mode, sharing, tiered, compressed oops, compressed class ptrs, g1 gc, windows-amd64)
# No core dump will be written. Minidumps are not enabled by default on client versions of Windows
#

---------------  S U M M A R Y ------------

Command Line: --enable-native-access=ALL-UNNAMED -Dclassworlds.conf=C:\Users\rezza\.m2\wrapper\dists\apache-maven-3.9.12\59fe215c0ad6947fea90184bf7add084544567b927287592651fda3782e0e798\bin\m2.conf -Dmaven.home=C:\Users\rezza\.m2\wrapper\dists\apache-maven-3.9.12\59fe215c0ad6947fea90184bf7add084544567b927287592651fda3782e0e798 -Dlibrary.jansi.path=C:\Users\rezza\.m2\wrapper\dists\apache-maven-3.9.12\59fe215c0ad6947fea90184bf7add084544567b927287592651fda3782e0e798\lib\jansi-native -Dmaven.multiModuleProjectDirectory=C:\Users\rezza\IdeaProjects\data_base org.codehaus.plexus.classworlds.launcher.Launcher quarkus:dev

Host: AMD Ryzen 5 8640HS w/ Radeon 760M Graphics     , 12 cores, 15G,  Windows 11 , 64 bit Build 26100 (10.0.26100.8246)
Time: Thu Apr 16 15:30:23 2026 elapsed time: 303.967232 seconds (0d 0h 5m 3s)

---------------  T H R E A D  ---------------

Current thread (0x000002015fd7f620):  JavaThread "C2 CompilerThread0" daemon [_thread_in_native, id=27548, stack(0x000000ec4d400000,0x000000ec4d500000) (1024K)]


Current CompileTask:
C2:303967 11205       4       io.quarkus.maven.DevMojo::collectChangeFilesFrom (131 bytes)

Stack: [0x000000ec4d400000,0x000000ec4d500000]
Native frames: (J=compiled Java code, j=interpreted, Vv=VM code, C=native code)
V  [jvm.dll+0x7a8bc9]  (no source info available)
V  [jvm.dll+0x77310d]  (no source info available)
V  [jvm.dll+0x9f55f3]  (no source info available)
V  [jvm.dll+0x9f7be1]  (no source info available)
V  [jvm.dll+0x9f82f3]  (no source info available)
V  [jvm.dll+0x2fce26]  (no source info available)
V  [jvm.dll+0x111076]  (no source info available)
V  [jvm.dll+0x11139e]  (no source info available)
V  [jvm.dll+0x19fff2]  (no source info available)
V  [jvm.dll+0x3b5f62]  (no source info available)
V  [jvm.dll+0x7ae53c]  (no source info available)
V  [jvm.dll+0x2c0407]  (no source info available)
V  [jvm.dll+0x2bf3cf]  (no source info available)
V  [jvm.dll+0x237140]  (no source info available)
V  [jvm.dll+0x2cf4c6]  (no source info available)
V  [jvm.dll+0x2cd74a]  (no source info available)
V  [jvm.dll+0x48fbee]  (no source info available)
V  [jvm.dll+0x996b0d]  (no source info available)
V  [jvm.dll+0x7a71a5]  (no source info available)
C  [ucrtbase.dll+0x37b0]  (no source info available)
C  [KERNEL32.DLL+0x2e8d7]  (no source info available)
C  [ntdll.dll+0x8c3fc]  (no source info available)

Lock stack of current Java thread (top to bottom):


---------------  P R O C E S S  ---------------

Threads class SMR info:
_java_thread_list=0x0000020167852790, length=12, elements={
0x000002013e314220, 0x000002015fd76340, 0x000002015fd76da0, 0x000002015fd79e70,
0x000002015fd7ea60, 0x000002015fd819c0, 0x000002015fd8a590, 0x000002015fd7f620,
0x000002015fdc3e60, 0x0000020160239ef0, 0x000002016023aac0, 0x000002016525af80
}

Java Threads: ( => current thread )
  0x000002013e314220 JavaThread "main"                              [_thread_blocked, id=21508, stack(0x000000ec4c600000,0x000000ec4c700000) (1024K)]
  0x000002015fd76340 JavaThread "Reference Handler"          daemon [_thread_blocked, id=8708, stack(0x000000ec4ce00000,0x000000ec4cf00000) (1024K)]
  0x000002015fd76da0 JavaThread "Finalizer"                  daemon [_thread_blocked, id=23036, stack(0x000000ec4cf00000,0x000000ec4d000000) (1024K)]
  0x000002015fd79e70 JavaThread "Signal Dispatcher"          daemon [_thread_blocked, id=29132, stack(0x000000ec4d000000,0x000000ec4d100000) (1024K)]
  0x000002015fd7ea60 JavaThread "Attach Listener"            daemon [_thread_blocked, id=16808, stack(0x000000ec4d100000,0x000000ec4d200000) (1024K)]
  0x000002015fd819c0 JavaThread "Service Thread"             daemon [_thread_blocked, id=28836, stack(0x000000ec4d200000,0x000000ec4d300000) (1024K)]
  0x000002015fd8a590 JavaThread "Monitor Deflation Thread"   daemon [_thread_blocked, id=3916, stack(0x000000ec4d300000,0x000000ec4d400000) (1024K)]
=>0x000002015fd7f620 JavaThread "C2 CompilerThread0"         daemon [_thread_in_native, id=27548, stack(0x000000ec4d400000,0x000000ec4d500000) (1024K)]
  0x000002015fdc3e60 JavaThread "C1 CompilerThread0"         daemon [_thread_blocked, id=4960, stack(0x000000ec4d500000,0x000000ec4d600000) (1024K)]
  0x0000020160239ef0 JavaThread "Notification Thread"        daemon [_thread_blocked, id=2648, stack(0x000000ec4d600000,0x000000ec4d700000) (1024K)]
  0x000002016023aac0 JavaThread "Common-Cleaner"             daemon [_thread_blocked, id=24028, stack(0x000000ec4d700000,0x000000ec4d800000) (1024K)]
  0x000002016525af80 JavaThread "Thread-1"                   daemon [_thread_blocked, id=360, stack(0x000000ec4de00000,0x000000ec4df00000) (1024K)]
Total: 12

Other Threads:
  0x000002015fd618e0 VMThread "VM Thread"                           [id=14680, stack(0x000000ec4cd00000,0x000000ec4ce00000) (1024K)]
  0x000002015fd540f0 WatcherThread "VM Periodic Task Thread"        [id=27528, stack(0x000000ec4cc00000,0x000000ec4cd00000) (1024K)]
  0x0000020140806f20 WorkerThread "GC Thread#0"                     [id=4872, stack(0x000000ec4c700000,0x000000ec4c800000) (1024K)]
  0x0000020165159500 WorkerThread "GC Thread#1"                     [id=5484, stack(0x000000ec4da00000,0x000000ec4db00000) (1024K)]
  0x0000020165330160 WorkerThread "GC Thread#2"                     [id=29428, stack(0x000000ec4db00000,0x000000ec4dc00000) (1024K)]
  0x0000020160ebd3e0 WorkerThread "GC Thread#3"                     [id=24728, stack(0x000000ec4dc00000,0x000000ec4dd00000) (1024K)]
  0x0000020160d96df0 WorkerThread "GC Thread#4"                     [id=24068, stack(0x000000ec4dd00000,0x000000ec4de00000) (1024K)]
  0x0000020160d9aa50 WorkerThread "GC Thread#5"                     [id=21424, stack(0x000000ec4df00000,0x000000ec4e000000) (1024K)]
  0x0000020160d9aea0 WorkerThread "GC Thread#6"                     [id=28524, stack(0x000000ec4e000000,0x000000ec4e100000) (1024K)]
  0x0000020160d9b2f0 WorkerThread "GC Thread#7"                     [id=28768, stack(0x000000ec4e100000,0x000000ec4e200000) (1024K)]
  0x0000020160d9bfe0 WorkerThread "GC Thread#8"                     [id=17504, stack(0x000000ec4e200000,0x000000ec4e300000) (1024K)]
  0x0000020160d9c430 WorkerThread "GC Thread#9"                     [id=22568, stack(0x000000ec4e300000,0x000000ec4e400000) (1024K)]
  0x0000020140820000 ConcurrentGCThread "G1 Main Marker"            [id=7404, stack(0x000000ec4c800000,0x000000ec4c900000) (1024K)]
  0x0000020140821510 WorkerThread "G1 Conc#0"                       [id=28244, stack(0x000000ec4c900000,0x000000ec4ca00000) (1024K)]
  0x0000020167a94b40 WorkerThread "G1 Conc#1"                       [id=22704, stack(0x000000ec4ef00000,0x000000ec4f000000) (1024K)]
  0x0000020167a92d10 WorkerThread "G1 Conc#2"                       [id=22416, stack(0x000000ec4f000000,0x000000ec4f100000) (1024K)]
  0x000002014085e000 ConcurrentGCThread "G1 Refine#0"               [id=23536, stack(0x000000ec4ca00000,0x000000ec4cb00000) (1024K)]
  0x000002014085ea10 ConcurrentGCThread "G1 Service"                [id=15064, stack(0x000000ec4cb00000,0x000000ec4cc00000) (1024K)]
Total: 18

Threads with active compile tasks:
C2 CompilerThread0  304172 11205       4       io.quarkus.maven.DevMojo::collectChangeFilesFrom (131 bytes)
Total: 1

VM state: not at safepoint (normal execution)

VM Mutex/Monitor currently owned by a thread: None

Heap address: 0x000000070b400000, size: 3916 MB, Compressed Oops mode: Zero based, Oop shift amount: 3

CDS archive(s) mapped at: [0x000000000c000000-0x000000000cdd0000-0x000000000cdd0000), size 14483456, SharedBaseAddress: 0x000000000c000000, ArchiveRelocationMode: 1.
Compressed class space mapped at: 0x000000000d000000-0x000000004d000000, reserved size: 1073741824
UseCompressedClassPointers 1, UseCompactObjectHeaders 0
Narrow klass pointer bits 32, Max shift 3
Narrow klass base: 0x000000000c000000, Narrow klass shift: 0
Encoding Range: [0x000000000c000000 - 0x000000010c000000), (4294967296 bytes)
Klass Range:    [0x000000000c010000 - 0x000000004d000000), (1090453504 bytes)
Klass ID Range:  [65536 - 1090519033) (1090453497)
Protection zone: [0x000000000c000000 - 0x000000000c010000), (65536 bytes)

GC Precious Log:
 CardTable entry size: 512
 Card Set container configuration: InlinePtr #cards 4 size 8 Array Of Cards #cards 16 size 48 Howl #buckets 8 coarsen threshold 3686 Howl Bitmap #cards 512 size 80 coarsen threshold 460 Card regions per heap region 1 cards per card region 4096
 CPUs: 12 total, 12 available
 Memory: 15662M
 Large Page Support: Disabled
 NUMA Support: Disabled
 Compressed Oops: Enabled (Zero based)
 Heap Region Size: 2M
 Heap Min Capacity: 8M
 Heap Initial Capacity: 246M
 Heap Max Capacity: 3916M
 Pre-touch: Disabled
 Parallel Workers: 10
 Concurrent Workers: 3
 Concurrent Refinement Workers: 10
 Periodic GC: Disabled

Heap:
 garbage-first heap   total reserved 4009984K, committed 311296K, used 132741K [0x000000070b400000, 0x0000000800000000)
  region size 2048K, 14 young (28672K), 6 survivors (12288K)

Heap Regions: E=young(eden), S=young(survivor), O=old, HS=humongous(starts), HC=humongous(continues), CS=collection set, F=free, TAMS=top-at-mark-start, PB=parsable bottom
|   0|0x000000070b400000, 0x000000070b600000, 0x000000070b600000|100%| O|  |TAMS 0x000000070b400000| PB 0x000000070b400000| Untracked |  0
|   1|0x000000070b600000, 0x000000070b800000, 0x000000070b800000|100%| O|  |TAMS 0x000000070b600000| PB 0x000000070b600000| Untracked |  0
|   2|0x000000070b800000, 0x000000070ba00000, 0x000000070ba00000|100%| O|  |TAMS 0x000000070b800000| PB 0x000000070b800000| Untracked |  0
|   3|0x000000070ba00000, 0x000000070bc00000, 0x000000070bc00000|100%| O|  |TAMS 0x000000070ba00000| PB 0x000000070ba00000| Untracked |  0
|   4|0x000000070bc00000, 0x000000070be00000, 0x000000070be00000|100%| O|  |TAMS 0x000000070bc00000| PB 0x000000070bc00000| Untracked |  0
|   5|0x000000070be00000, 0x000000070c000000, 0x000000070c000000|100%| O|  |TAMS 0x000000070be00000| PB 0x000000070be00000| Untracked |  0
|   6|0x000000070c000000, 0x000000070c200000, 0x000000070c200000|100%| O|  |TAMS 0x000000070c000000| PB 0x000000070c000000| Untracked |  0
|   7|0x000000070c200000, 0x000000070c400000, 0x000000070c400000|100%| O|  |TAMS 0x000000070c200000| PB 0x000000070c200000| Untracked |  0
|   8|0x000000070c400000, 0x000000070c600000, 0x000000070c600000|100%| O|  |TAMS 0x000000070c400000| PB 0x000000070c400000| Untracked |  0
|   9|0x000000070c600000, 0x000000070c7701c0, 0x000000070c800000| 71%| O|Cm|TAMS 0x000000070c600000| PB 0x000000070c600000| Complete |  0
|  10|0x000000070c800000, 0x000000070ca00000, 0x000000070ca00000|100%| O|  |TAMS 0x000000070c800000| PB 0x000000070c800000| Untracked |  0
|  11|0x000000070ca00000, 0x000000070cc00000, 0x000000070cc00000|100%| O|  |TAMS 0x000000070ca00000| PB 0x000000070ca00000| Untracked |  0
|  12|0x000000070cc00000, 0x000000070ce00000, 0x000000070ce00000|100%| O|  |TAMS 0x000000070cc00000| PB 0x000000070cc00000| Untracked |  0
|  13|0x000000070ce00000, 0x000000070d000000, 0x000000070d000000|100%| O|  |TAMS 0x000000070ce00000| PB 0x000000070ce00000| Untracked |  0
|  14|0x000000070d000000, 0x000000070d200000, 0x000000070d200000|100%| O|  |TAMS 0x000000070d000000| PB 0x000000070d000000| Untracked |  0
|  15|0x000000070d200000, 0x000000070d400000, 0x000000070d400000|100%| O|  |TAMS 0x000000070d200000| PB 0x000000070d200000| Untracked |  0
|  16|0x000000070d400000, 0x000000070d600000, 0x000000070d600000|100%| O|  |TAMS 0x000000070d400000| PB 0x000000070d400000| Untracked |  0
|  17|0x000000070d600000, 0x000000070d800000, 0x000000070d800000|100%| O|Cm|TAMS 0x000000070d600000| PB 0x000000070d600000| Complete |  0
|  18|0x000000070d800000, 0x000000070da00000, 0x000000070da00000|100%| O|Cm|TAMS 0x000000070d800000| PB 0x000000070d800000| Complete |  0
|  19|0x000000070da00000, 0x000000070dc00000, 0x000000070dc00000|100%| O|Cm|TAMS 0x000000070da00000| PB 0x000000070da00000| Complete |  0
|  20|0x000000070dc00000, 0x000000070de00000, 0x000000070de00000|100%| O|Cm|TAMS 0x000000070dc00000| PB 0x000000070dc00000| Complete |  0
|  21|0x000000070de00000, 0x000000070e000000, 0x000000070e000000|100%|HS|  |TAMS 0x000000070de00000| PB 0x000000070de00000| Complete |  0
|  22|0x000000070e000000, 0x000000070e200000, 0x000000070e200000|100%|HS|  |TAMS 0x000000070e000000| PB 0x000000070e000000| Complete |  0
|  23|0x000000070e200000, 0x000000070e400000, 0x000000070e400000|100%| O|  |TAMS 0x000000070e200000| PB 0x000000070e200000| Untracked |  0
|  24|0x000000070e400000, 0x000000070e600000, 0x000000070e600000|100%| O|  |TAMS 0x000000070e400000| PB 0x000000070e400000| Untracked |  0
|  25|0x000000070e600000, 0x000000070e800000, 0x000000070e800000|100%| O|  |TAMS 0x000000070e600000| PB 0x000000070e600000| Untracked |  0
|  26|0x000000070e800000, 0x000000070ea00000, 0x000000070ea00000|100%| O|  |TAMS 0x000000070e800000| PB 0x000000070e800000| Untracked |  0
|  27|0x000000070ea00000, 0x000000070ec00000, 0x000000070ec00000|100%| O|  |TAMS 0x000000070ea00000| PB 0x000000070ea00000| Untracked |  0
|  28|0x000000070ec00000, 0x000000070ee00000, 0x000000070ee00000|100%| O|  |TAMS 0x000000070ec00000| PB 0x000000070ec00000| Untracked |  0
|  29|0x000000070ee00000, 0x000000070f000000, 0x000000070f000000|100%| O|  |TAMS 0x000000070ee00000| PB 0x000000070ee00000| Untracked |  0
|  30|0x000000070f000000, 0x000000070f200000, 0x000000070f200000|100%|HS|  |TAMS 0x000000070f000000| PB 0x000000070f000000| Complete |  0
|  31|0x000000070f200000, 0x000000070f400000, 0x000000070f400000|100%| O|  |TAMS 0x000000070f200000| PB 0x000000070f200000| Untracked |  0
|  32|0x000000070f400000, 0x000000070f600000, 0x000000070f600000|100%| O|  |TAMS 0x000000070f400000| PB 0x000000070f400000| Untracked |  0
|  33|0x000000070f600000, 0x000000070f800000, 0x000000070f800000|100%| O|  |TAMS 0x000000070f600000| PB 0x000000070f600000| Untracked |  0
|  34|0x000000070f800000, 0x000000070fa00000, 0x000000070fa00000|100%| O|  |TAMS 0x000000070f800000| PB 0x000000070f800000| Untracked |  0
|  35|0x000000070fa00000, 0x000000070fc00000, 0x000000070fc00000|100%| O|  |TAMS 0x000000070fa00000| PB 0x000000070fa00000| Untracked |  0
|  36|0x000000070fc00000, 0x000000070fe00000, 0x000000070fe00000|100%| O|  |TAMS 0x000000070fc00000| PB 0x000000070fc00000| Untracked |  0
|  37|0x000000070fe00000, 0x0000000710000000, 0x0000000710000000|100%| O|  |TAMS 0x000000070fe00000| PB 0x000000070fe00000| Untracked |  0
|  38|0x0000000710000000, 0x0000000710200000, 0x0000000710200000|100%| O|  |TAMS 0x0000000710000000| PB 0x0000000710000000| Untracked |  0
|  39|0x0000000710200000, 0x0000000710400000, 0x0000000710400000|100%| O|  |TAMS 0x0000000710200000| PB 0x0000000710200000| Untracked |  0
|  40|0x0000000710400000, 0x0000000710600000, 0x0000000710600000|100%| O|  |TAMS 0x0000000710400000| PB 0x0000000710400000| Untracked |  0
|  41|0x0000000710600000, 0x0000000710800000, 0x0000000710800000|100%| O|  |TAMS 0x0000000710600000| PB 0x0000000710600000| Untracked |  0
|  42|0x0000000710800000, 0x0000000710a00000, 0x0000000710a00000|100%| O|  |TAMS 0x0000000710800000| PB 0x0000000710800000| Untracked |  0
|  43|0x0000000710a00000, 0x0000000710c00000, 0x0000000710c00000|100%| O|Cm|TAMS 0x0000000710a00000| PB 0x0000000710a00000| Complete |  0
|  44|0x0000000710c00000, 0x0000000710e00000, 0x0000000710e00000|100%| O|Cm|TAMS 0x0000000710c00000| PB 0x0000000710c00000| Complete |  0
|  45|0x0000000710e00000, 0x0000000711000000, 0x0000000711000000|100%| O|  |TAMS 0x0000000710e00000| PB 0x0000000710e00000| Untracked |  0
|  46|0x0000000711000000, 0x0000000711200000, 0x0000000711200000|100%| O|  |TAMS 0x0000000711000000| PB 0x0000000711000000| Untracked |  0
|  47|0x0000000711200000, 0x0000000711400000, 0x0000000711400000|100%| O|  |TAMS 0x0000000711200000| PB 0x0000000711200000| Untracked |  0
|  48|0x0000000711400000, 0x0000000711400000, 0x0000000711600000|  0%| F|  |TAMS 0x0000000711400000| PB 0x0000000711400000| Untracked |  0
|  49|0x0000000711600000, 0x0000000711800000, 0x0000000711800000|100%| O|  |TAMS 0x0000000711600000| PB 0x0000000711600000| Untracked |  0
|  50|0x0000000711800000, 0x0000000711a00000, 0x0000000711a00000|100%|HS|  |TAMS 0x0000000711800000| PB 0x0000000711800000| Complete |  0
|  51|0x0000000711a00000, 0x0000000711a00000, 0x0000000711c00000|  0%| F|  |TAMS 0x0000000711a00000| PB 0x0000000711a00000| Untracked |  0
|  52|0x0000000711c00000, 0x0000000711c00000, 0x0000000711e00000|  0%| F|  |TAMS 0x0000000711c00000| PB 0x0000000711c00000| Untracked |  0
|  53|0x0000000711e00000, 0x0000000712000000, 0x0000000712000000|100%| O|Cm|TAMS 0x0000000711e00000| PB 0x0000000711e00000| Complete |  0
|  54|0x0000000712000000, 0x0000000712200000, 0x0000000712200000|100%| O|  |TAMS 0x0000000712000000| PB 0x0000000712000000| Untracked |  0
|  55|0x0000000712200000, 0x00000007122e8110, 0x0000000712400000| 45%| O|  |TAMS 0x0000000712200000| PB 0x0000000712200000| Untracked |  0
|  56|0x0000000712400000, 0x0000000712400000, 0x0000000712600000|  0%| F|  |TAMS 0x0000000712400000| PB 0x0000000712400000| Untracked |  0
|  57|0x0000000712600000, 0x0000000712600000, 0x0000000712800000|  0%| F|  |TAMS 0x0000000712600000| PB 0x0000000712600000| Untracked |  0
|  58|0x0000000712800000, 0x0000000712800000, 0x0000000712a00000|  0%| F|  |TAMS 0x0000000712800000| PB 0x0000000712800000| Untracked |  0
|  59|0x0000000712a00000, 0x0000000712a00000, 0x0000000712c00000|  0%| F|  |TAMS 0x0000000712a00000| PB 0x0000000712a00000| Untracked |  0
|  60|0x0000000712c00000, 0x0000000712c00000, 0x0000000712e00000|  0%| F|  |TAMS 0x0000000712c00000| PB 0x0000000712c00000| Untracked |  0
|  61|0x0000000712e00000, 0x0000000712e00000, 0x0000000713000000|  0%| F|  |TAMS 0x0000000712e00000| PB 0x0000000712e00000| Untracked |  0
|  62|0x0000000713000000, 0x0000000713000000, 0x0000000713200000|  0%| F|  |TAMS 0x0000000713000000| PB 0x0000000713000000| Untracked |  0
|  63|0x0000000713200000, 0x0000000713200000, 0x0000000713400000|  0%| F|  |TAMS 0x0000000713200000| PB 0x0000000713200000| Untracked |  0
|  64|0x0000000713400000, 0x0000000713400000, 0x0000000713600000|  0%| F|  |TAMS 0x0000000713400000| PB 0x0000000713400000| Untracked |  0
|  65|0x0000000713600000, 0x0000000713600000, 0x0000000713800000|  0%| F|  |TAMS 0x0000000713600000| PB 0x0000000713600000| Untracked |  0
|  66|0x0000000713800000, 0x0000000713800000, 0x0000000713a00000|  0%| F|  |TAMS 0x0000000713800000| PB 0x0000000713800000| Untracked |  0
|  67|0x0000000713a00000, 0x0000000713a00000, 0x0000000713c00000|  0%| F|  |TAMS 0x0000000713a00000| PB 0x0000000713a00000| Untracked |  0
|  68|0x0000000713c00000, 0x0000000713c00000, 0x0000000713e00000|  0%| F|  |TAMS 0x0000000713c00000| PB 0x0000000713c00000| Untracked |  0
|  69|0x0000000713e00000, 0x0000000713e00000, 0x0000000714000000|  0%| F|  |TAMS 0x0000000713e00000| PB 0x0000000713e00000| Untracked |  0
|  70|0x0000000714000000, 0x0000000714000000, 0x0000000714200000|  0%| F|  |TAMS 0x0000000714000000| PB 0x0000000714000000| Untracked |  0
|  71|0x0000000714200000, 0x0000000714200000, 0x0000000714400000|  0%| F|  |TAMS 0x0000000714200000| PB 0x0000000714200000| Untracked |  0
|  72|0x0000000714400000, 0x0000000714400000, 0x0000000714600000|  0%| F|  |TAMS 0x0000000714400000| PB 0x0000000714400000| Untracked |  0
|  73|0x0000000714600000, 0x0000000714600000, 0x0000000714800000|  0%| F|  |TAMS 0x0000000714600000| PB 0x0000000714600000| Untracked |  0
|  74|0x0000000714800000, 0x0000000714800000, 0x0000000714a00000|  0%| F|  |TAMS 0x0000000714800000| PB 0x0000000714800000| Untracked |  0
|  75|0x0000000714a00000, 0x0000000714a00000, 0x0000000714c00000|  0%| F|  |TAMS 0x0000000714a00000| PB 0x0000000714a00000| Untracked |  0
|  76|0x0000000714c00000, 0x0000000714c00000, 0x0000000714e00000|  0%| F|  |TAMS 0x0000000714c00000| PB 0x0000000714c00000| Untracked |  0
|  77|0x0000000714e00000, 0x0000000714e00000, 0x0000000715000000|  0%| F|  |TAMS 0x0000000714e00000| PB 0x0000000714e00000| Untracked |  0
|  78|0x0000000715000000, 0x0000000715000000, 0x0000000715200000|  0%| F|  |TAMS 0x0000000715000000| PB 0x0000000715000000| Untracked |  0
|  79|0x0000000715200000, 0x0000000715200000, 0x0000000715400000|  0%| F|  |TAMS 0x0000000715200000| PB 0x0000000715200000| Untracked |  0
|  80|0x0000000715400000, 0x0000000715400000, 0x0000000715600000|  0%| F|  |TAMS 0x0000000715400000| PB 0x0000000715400000| Untracked |  0
|  81|0x0000000715600000, 0x0000000715600000, 0x0000000715800000|  0%| F|  |TAMS 0x0000000715600000| PB 0x0000000715600000| Untracked |  0
|  82|0x0000000715800000, 0x0000000715800000, 0x0000000715a00000|  0%| F|  |TAMS 0x0000000715800000| PB 0x0000000715800000| Untracked |  0
|  83|0x0000000715a00000, 0x0000000715a00000, 0x0000000715c00000|  0%| F|  |TAMS 0x0000000715a00000| PB 0x0000000715a00000| Untracked |  0
|  84|0x0000000715c00000, 0x0000000715c00000, 0x0000000715e00000|  0%| F|  |TAMS 0x0000000715c00000| PB 0x0000000715c00000| Untracked |  0
|  85|0x0000000715e00000, 0x0000000715e00000, 0x0000000716000000|  0%| F|  |TAMS 0x0000000715e00000| PB 0x0000000715e00000| Untracked |  0
|  86|0x0000000716000000, 0x0000000716000000, 0x0000000716200000|  0%| F|  |TAMS 0x0000000716000000| PB 0x0000000716000000| Untracked |  0
|  87|0x0000000716200000, 0x0000000716200000, 0x0000000716400000|  0%| F|  |TAMS 0x0000000716200000| PB 0x0000000716200000| Untracked |  0
|  88|0x0000000716400000, 0x0000000716400000, 0x0000000716600000|  0%| F|  |TAMS 0x0000000716400000| PB 0x0000000716400000| Untracked |  0
|  89|0x0000000716600000, 0x0000000716600000, 0x0000000716800000|  0%| F|  |TAMS 0x0000000716600000| PB 0x0000000716600000| Untracked |  0
|  90|0x0000000716800000, 0x0000000716800000, 0x0000000716a00000|  0%| F|  |TAMS 0x0000000716800000| PB 0x0000000716800000| Untracked |  0
|  91|0x0000000716a00000, 0x0000000716b49220, 0x0000000716c00000| 64%| S|CS|TAMS 0x0000000716a00000| PB 0x0000000716a00000| Complete |  0
|  92|0x0000000716c00000, 0x0000000716e00000, 0x0000000716e00000|100%| S|CS|TAMS 0x0000000716c00000| PB 0x0000000716c00000| Complete |  0
|  93|0x0000000716e00000, 0x0000000717000000, 0x0000000717000000|100%| S|CS|TAMS 0x0000000716e00000| PB 0x0000000716e00000| Complete |  0
|  94|0x0000000717000000, 0x0000000717200000, 0x0000000717200000|100%| S|CS|TAMS 0x0000000717000000| PB 0x0000000717000000| Complete |  0
|  95|0x0000000717200000, 0x0000000717400000, 0x0000000717400000|100%| S|CS|TAMS 0x0000000717200000| PB 0x0000000717200000| Complete |  0
|  96|0x0000000717400000, 0x0000000717600000, 0x0000000717600000|100%| S|CS|TAMS 0x0000000717400000| PB 0x0000000717400000| Complete |  0
|  97|0x0000000717600000, 0x0000000717600000, 0x0000000717800000|  0%| F|  |TAMS 0x0000000717600000| PB 0x0000000717600000| Untracked |  0
|  98|0x0000000717800000, 0x0000000717800000, 0x0000000717a00000|  0%| F|  |TAMS 0x0000000717800000| PB 0x0000000717800000| Untracked |  0
|  99|0x0000000717a00000, 0x0000000717a00000, 0x0000000717c00000|  0%| F|  |TAMS 0x0000000717a00000| PB 0x0000000717a00000| Untracked |  0
| 100|0x0000000717c00000, 0x0000000717c00000, 0x0000000717e00000|  0%| F|  |TAMS 0x0000000717c00000| PB 0x0000000717c00000| Untracked |  0
| 101|0x0000000717e00000, 0x0000000717e00000, 0x0000000718000000|  0%| F|  |TAMS 0x0000000717e00000| PB 0x0000000717e00000| Untracked |  0
| 102|0x0000000718000000, 0x0000000718000000, 0x0000000718200000|  0%| F|  |TAMS 0x0000000718000000| PB 0x0000000718000000| Untracked |  0
| 103|0x0000000718200000, 0x0000000718200000, 0x0000000718400000|  0%| F|  |TAMS 0x0000000718200000| PB 0x0000000718200000| Untracked |  0
| 104|0x0000000718400000, 0x0000000718400000, 0x0000000718600000|  0%| F|  |TAMS 0x0000000718400000| PB 0x0000000718400000| Untracked |  0
| 105|0x0000000718600000, 0x0000000718600000, 0x0000000718800000|  0%| F|  |TAMS 0x0000000718600000| PB 0x0000000718600000| Untracked |  0
| 106|0x0000000718800000, 0x0000000718800000, 0x0000000718a00000|  0%| F|  |TAMS 0x0000000718800000| PB 0x0000000718800000| Untracked |  0
| 107|0x0000000718a00000, 0x0000000718a00000, 0x0000000718c00000|  0%| F|  |TAMS 0x0000000718a00000| PB 0x0000000718a00000| Untracked |  0
| 108|0x0000000718c00000, 0x0000000718c00000, 0x0000000718e00000|  0%| F|  |TAMS 0x0000000718c00000| PB 0x0000000718c00000| Untracked |  0
| 109|0x0000000718e00000, 0x0000000718e00000, 0x0000000719000000|  0%| F|  |TAMS 0x0000000718e00000| PB 0x0000000718e00000| Untracked |  0
| 110|0x0000000719000000, 0x0000000719000000, 0x0000000719200000|  0%| F|  |TAMS 0x0000000719000000| PB 0x0000000719000000| Untracked |  0
| 111|0x0000000719200000, 0x0000000719200000, 0x0000000719400000|  0%| F|  |TAMS 0x0000000719200000| PB 0x0000000719200000| Untracked |  0
| 112|0x0000000719400000, 0x0000000719400000, 0x0000000719600000|  0%| F|  |TAMS 0x0000000719400000| PB 0x0000000719400000| Untracked |  0
| 113|0x0000000719600000, 0x0000000719600000, 0x0000000719800000|  0%| F|  |TAMS 0x0000000719600000| PB 0x0000000719600000| Untracked |  0
| 114|0x0000000719800000, 0x0000000719800000, 0x0000000719a00000|  0%| F|  |TAMS 0x0000000719800000| PB 0x0000000719800000| Untracked |  0
| 115|0x0000000719a00000, 0x0000000719a00000, 0x0000000719c00000|  0%| F|  |TAMS 0x0000000719a00000| PB 0x0000000719a00000| Untracked |  0
| 116|0x0000000719c00000, 0x0000000719c00000, 0x0000000719e00000|  0%| F|  |TAMS 0x0000000719c00000| PB 0x0000000719c00000| Untracked |  0
| 117|0x0000000719e00000, 0x0000000719e00000, 0x000000071a000000|  0%| F|  |TAMS 0x0000000719e00000| PB 0x0000000719e00000| Untracked |  0
| 118|0x000000071a000000, 0x000000071a000000, 0x000000071a200000|  0%| F|  |TAMS 0x000000071a000000| PB 0x000000071a000000| Untracked |  0
| 119|0x000000071a200000, 0x000000071a200000, 0x000000071a400000|  0%| F|  |TAMS 0x000000071a200000| PB 0x000000071a200000| Untracked |  0
| 120|0x000000071a400000, 0x000000071a400000, 0x000000071a600000|  0%| F|  |TAMS 0x000000071a400000| PB 0x000000071a400000| Untracked |  0
| 121|0x000000071a600000, 0x000000071a600000, 0x000000071a800000|  0%| F|  |TAMS 0x000000071a600000| PB 0x000000071a600000| Untracked |  0
| 122|0x000000071a800000, 0x000000071a800000, 0x000000071aa00000|  0%| F|  |TAMS 0x000000071a800000| PB 0x000000071a800000| Untracked |  0
| 123|0x000000071aa00000, 0x000000071aa00000, 0x000000071ac00000|  0%| F|  |TAMS 0x000000071aa00000| PB 0x000000071aa00000| Untracked |  0
| 124|0x000000071ac00000, 0x000000071ac00000, 0x000000071ae00000|  0%| F|  |TAMS 0x000000071ac00000| PB 0x000000071ac00000| Untracked |  0
| 125|0x000000071ae00000, 0x000000071ae00000, 0x000000071b000000|  0%| F|  |TAMS 0x000000071ae00000| PB 0x000000071ae00000| Untracked |  0
| 126|0x000000071b000000, 0x000000071b000000, 0x000000071b200000|  0%| F|  |TAMS 0x000000071b000000| PB 0x000000071b000000| Untracked |  0
| 127|0x000000071b200000, 0x000000071b200000, 0x000000071b400000|  0%| F|  |TAMS 0x000000071b200000| PB 0x000000071b200000| Untracked |  0
| 128|0x000000071b400000, 0x000000071b400000, 0x000000071b600000|  0%| F|  |TAMS 0x000000071b400000| PB 0x000000071b400000| Untracked |  0
| 129|0x000000071b600000, 0x000000071b600000, 0x000000071b800000|  0%| F|  |TAMS 0x000000071b600000| PB 0x000000071b600000| Untracked |  0
| 130|0x000000071b800000, 0x000000071b800000, 0x000000071ba00000|  0%| F|  |TAMS 0x000000071b800000| PB 0x000000071b800000| Untracked |  0
| 131|0x000000071ba00000, 0x000000071ba00000, 0x000000071bc00000|  0%| F|  |TAMS 0x000000071ba00000| PB 0x000000071ba00000| Untracked |  0
| 132|0x000000071bc00000, 0x000000071bc00000, 0x000000071be00000|  0%| F|  |TAMS 0x000000071bc00000| PB 0x000000071bc00000| Untracked |  0
| 133|0x000000071be00000, 0x000000071be00000, 0x000000071c000000|  0%| F|  |TAMS 0x000000071be00000| PB 0x000000071be00000| Untracked |  0
| 134|0x000000071c000000, 0x000000071c000000, 0x000000071c200000|  0%| F|  |TAMS 0x000000071c000000| PB 0x000000071c000000| Untracked |  0
| 135|0x000000071c200000, 0x000000071c200000, 0x000000071c400000|  0%| F|  |TAMS 0x000000071c200000| PB 0x000000071c200000| Untracked |  0
| 136|0x000000071c400000, 0x000000071c400000, 0x000000071c600000|  0%| F|  |TAMS 0x000000071c400000| PB 0x000000071c400000| Untracked |  0
| 137|0x000000071c600000, 0x000000071c600000, 0x000000071c800000|  0%| F|  |TAMS 0x000000071c600000| PB 0x000000071c600000| Untracked |  0
| 138|0x000000071c800000, 0x000000071c800000, 0x000000071ca00000|  0%| F|  |TAMS 0x000000071c800000| PB 0x000000071c800000| Untracked |  0
| 139|0x000000071ca00000, 0x000000071ca00000, 0x000000071cc00000|  0%| F|  |TAMS 0x000000071ca00000| PB 0x000000071ca00000| Untracked |  0
| 140|0x000000071cc00000, 0x000000071cc00000, 0x000000071ce00000|  0%| F|  |TAMS 0x000000071cc00000| PB 0x000000071cc00000| Untracked |  0
| 141|0x000000071ce00000, 0x000000071ce00000, 0x000000071d000000|  0%| F|  |TAMS 0x000000071ce00000| PB 0x000000071ce00000| Untracked |  0
| 142|0x000000071d000000, 0x000000071d000000, 0x000000071d200000|  0%| F|  |TAMS 0x000000071d000000| PB 0x000000071d000000| Untracked |  0
| 143|0x000000071d200000, 0x000000071d200000, 0x000000071d400000|  0%| F|  |TAMS 0x000000071d200000| PB 0x000000071d200000| Untracked |  0
| 144|0x000000071d400000, 0x000000071d500000, 0x000000071d600000| 50%| E|  |TAMS 0x000000071d400000| PB 0x000000071d400000| Complete |  0
| 145|0x000000071d600000, 0x000000071d800000, 0x000000071d800000|100%| E|CS|TAMS 0x000000071d600000| PB 0x000000071d600000| Complete |  0
| 146|0x000000071d800000, 0x000000071da00000, 0x000000071da00000|100%| E|CS|TAMS 0x000000071d800000| PB 0x000000071d800000| Complete |  0
| 147|0x000000071da00000, 0x000000071dc00000, 0x000000071dc00000|100%| E|CS|TAMS 0x000000071da00000| PB 0x000000071da00000| Complete |  0
| 148|0x000000071dc00000, 0x000000071de00000, 0x000000071de00000|100%| E|CS|TAMS 0x000000071dc00000| PB 0x000000071dc00000| Complete |  0
| 149|0x000000071de00000, 0x000000071e000000, 0x000000071e000000|100%| E|CS|TAMS 0x000000071de00000| PB 0x000000071de00000| Complete |  0
| 150|0x000000071e000000, 0x000000071e200000, 0x000000071e200000|100%| E|CS|TAMS 0x000000071e000000| PB 0x000000071e000000| Complete |  0
|1957|0x00000007ffe00000, 0x0000000800000000, 0x0000000800000000|100%| E|CS|TAMS 0x00000007ffe00000| PB 0x00000007ffe00000| Complete |  0

Card table byte_map: [0x0000020158f90000,0x0000020159740000] _byte_map_base: 0x0000020155736000

Marking Bits: (CMBitMap*) 0x00000201408074b0
 Bits: [0x0000020159740000, 0x000002015d470000)

Polling page: 0x000002013e500000

Metaspace:
Metaspace        used 36815K, committed 37376K, reserved 1114112K
 class space     used 4231K, committed 4416K, reserved 1048576K

Usage:
  Non-class:     31.82 MB used.
      Class:      4.13 MB used.
       Both:     35.95 MB used.

Virtual space:
  Non-class space:       64.00 MB reserved,      32.19 MB ( 50%) committed,  1 nodes.
      Class space:        1.00 GB reserved,       4.31 MB ( <1%) committed,  1 nodes.
             Both:        1.06 GB reserved,      36.50 MB (  3%) committed. 

Chunk freelists:
   Non-Class:  15.00 MB
       Class:  11.57 MB
        Both:  26.57 MB

MaxMetaspaceSize: unlimited
CompressedClassSpaceSize: 1.00 GB
Initial GC threshold: 21.00 MB
Current GC threshold: 59.50 MB
CDS: on
 - commit_granule_bytes: 65536.
 - commit_granule_words: 8192.
 - virtual_space_node_default_size: 8388608.
 - enlarge_chunks_in_place: 1.
UseCompressedClassPointers 1, UseCompactObjectHeaders 0
Narrow klass pointer bits 32, Max shift 3
Narrow klass base: 0x000000000c000000, Narrow klass shift: 0
Encoding Range: [0x000000000c000000 - 0x000000010c000000), (4294967296 bytes)
Klass Range:    [0x000000000c010000 - 0x000000004d000000), (1090453504 bytes)
Klass ID Range:  [65536 - 1090519033) (1090453497)
Protection zone: [0x000000000c000000 - 0x000000000c010000), (65536 bytes)


Internal statistics:

num_allocs_failed_limit: 13.
num_arena_births: 482.
num_arena_deaths: 12.
num_vsnodes_births: 2.
num_vsnodes_deaths: 0.
num_space_committed: 586.
num_space_uncommitted: 2.
num_chunks_returned_to_freelist: 44.
num_chunks_taken_from_freelist: 1844.
num_chunk_merges: 6.
num_chunk_splits: 1272.
num_chunks_enlarged: 999.
num_inconsistent_stats: 0.

CodeHeap 'non-profiled nmethods': size=120064Kb used=6837Kb max_used=7206Kb free=113226Kb
 bounds [0x0000020150d50000, 0x0000020151480000, 0x0000020158290000]
CodeHeap 'profiled nmethods': size=120000Kb used=17097Kb max_used=19533Kb free=102902Kb
 bounds [0x0000020149290000, 0x000002014a5b0000, 0x00000201507c0000]
CodeHeap 'non-nmethods': size=5696Kb used=1635Kb max_used=1820Kb free=4061Kb
 bounds [0x00000201507c0000, 0x0000020150a30000, 0x0000020150d50000]
CodeCache: size=245760Kb, used=25569Kb, max_used=28559Kb, free=220189Kb
 total_blobs=10706, nmethods=10097, adapters=511, full_count=0
Compilation: enabled, stopped_count=0, restarted_count=0

Compilation events (20 events):
Event: 28.359 Thread 0x000002015fdc3e60 nmethod 11192 0x00000201492ac788 code [0x00000201492ac880, 0x00000201492ae1a8]
Event: 41.107 Thread 0x000002015fdc3e60 11193       3       jdk.internal.event.Event::<init> (5 bytes)
Event: 41.108 Thread 0x000002015fdc3e60 nmethod 11193 0x0000020149460c08 code [0x0000020149460d00, 0x0000020149460e60]
Event: 41.311 Thread 0x000002015fdc3e60 11194       3       java.lang.Thread::sleep (29 bytes)
Event: 41.312 Thread 0x000002015fdc3e60 nmethod 11194 0x00000201496a0208 code [0x00000201496a0300, 0x00000201496a05e0]
Event: 41.312 Thread 0x000002015fdc3e60 11195   !   3       java.lang.Thread::sleepNanos (53 bytes)
Event: 41.312 Thread 0x000002015fdc3e60 nmethod 11195 0x0000020149414088 code [0x0000020149414180, 0x0000020149414950]
Event: 41.413 Thread 0x000002015fdc3e60 11196       3       io.quarkus.maven.DevMojo$DevModeRunner::alive (23 bytes)
Event: 41.413 Thread 0x000002015fdc3e60 nmethod 11196 0x00000201495ab408 code [0x00000201495ab500, 0x00000201495ab730]
Event: 41.413 Thread 0x000002015fdc3e60 11197       3       java.lang.ProcessImpl::isAlive (8 bytes)
Event: 41.413 Thread 0x000002015fdc3e60 nmethod 11197 0x0000020149464c88 code [0x0000020149464d80, 0x0000020149464ec0]
Event: 62.220 Thread 0x000002015fd7f620 11198       4       java.util.concurrent.TimeUnit::toNanos (45 bytes)
Event: 62.221 Thread 0x000002015fd7f620 nmethod 11198 0x0000020150df2a88 code [0x0000020150df2b80, 0x0000020150df2c68]
Event: 73.812 Thread 0x000002015fd7f620 11199       4       java.lang.Math::max (12 bytes)
Event: 73.813 Thread 0x000002015fd7f620 nmethod 11199 0x0000020150e29908 code [0x0000020150e29a00, 0x0000020150e29a70]
Event: 74.816 Thread 0x000002015fdc3e60 11201       3       jdk.internal.misc.Unsafe::putReferenceOpaque (9 bytes)
Event: 74.817 Thread 0x000002015fdc3e60 nmethod 11201 0x000002014946e708 code [0x000002014946e800, 0x000002014946e968]
Event: 74.925 Thread 0x000002015fdc3e60 11203       3       jdk.internal.vm.ContinuationSupport::isSupported (4 bytes)
Event: 74.925 Thread 0x000002015fdc3e60 nmethod 11203 0x0000020149486888 code [0x0000020149486980, 0x0000020149486a70]
Event: 302.792 Thread 0x000002015fd7f620 11205       4       io.quarkus.maven.DevMojo::collectChangeFilesFrom (131 bytes)

GC Heap Usage History (20 events):
Event: 4.702 {heap Before GC invocations=10 (full 0):
 garbage-first heap   total reserved 4009984K, committed 167936K, used 133833K [0x000000070b400000, 0x0000000800000000)
  region size 2048K, 49 young (100352K), 7 survivors (14336K)
}
Event: 4.706 {heap After GC invocations=11 (full 0):
 garbage-first heap   total reserved 4009984K, committed 167936K, used 42920K [0x000000070b400000, 0x0000000800000000)
  region size 2048K, 2 young (4096K), 2 survivors (4096K)
}
Event: 4.762 {heap Before GC invocations=11 (full 0):
 garbage-first heap   total reserved 4009984K, committed 167936K, used 139176K [0x000000070b400000, 0x0000000800000000)
  region size 2048K, 49 young (100352K), 2 survivors (4096K)
}
Event: 4.764 {heap After GC invocations=12 (full 0):
 garbage-first heap   total reserved 4009984K, committed 167936K, used 42481K [0x000000070b400000, 0x0000000800000000)
  region size 2048K, 2 young (4096K), 2 survivors (4096K)
}
Event: 4.959 {heap Before GC invocations=12 (full 0):
 garbage-first heap   total reserved 4009984K, committed 167936K, used 136689K [0x000000070b400000, 0x0000000800000000)
  region size 2048K, 49 young (100352K), 2 survivors (4096K)
}
Event: 4.963 {heap After GC invocations=13 (full 0):
 garbage-first heap   total reserved 4009984K, committed 253952K, used 45825K [0x000000070b400000, 0x0000000800000000)
  region size 2048K, 3 young (6144K), 3 survivors (6144K)
}
Event: 5.999 {heap Before GC invocations=13 (full 0):
 garbage-first heap   total reserved 4009984K, committed 253952K, used 195329K [0x000000070b400000, 0x0000000800000000)
  region size 2048K, 74 young (151552K), 3 survivors (6144K)
}
Event: 6.013 {heap After GC invocations=14 (full 0):
 garbage-first heap   total reserved 4009984K, committed 253952K, used 83621K [0x000000070b400000, 0x0000000800000000)
  region size 2048K, 10 young (20480K), 10 survivors (20480K)
}
Event: 7.293 {heap Before GC invocations=14 (full 0):
 garbage-first heap   total reserved 4009984K, committed 253952K, used 218789K [0x000000070b400000, 0x0000000800000000)
  region size 2048K, 74 young (151552K), 10 survivors (20480K)
}
Event: 7.304 {heap After GC invocations=15 (full 0):
 garbage-first heap   total reserved 4009984K, committed 258048K, used 101579K [0x000000070b400000, 0x0000000800000000)
  region size 2048K, 8 young (16384K), 8 survivors (16384K)
}
Event: 7.701 {heap Before GC invocations=15 (full 0):
 garbage-first heap   total reserved 4009984K, committed 258048K, used 222411K [0x000000070b400000, 0x0000000800000000)
  region size 2048K, 67 young (137216K), 8 survivors (16384K)
}
Event: 7.707 {heap After GC invocations=16 (full 0):
 garbage-first heap   total reserved 4009984K, committed 258048K, used 98315K [0x000000070b400000, 0x0000000800000000)
  region size 2048K, 4 young (8192K), 4 survivors (8192K)
}
Event: 8.090 {heap Before GC invocations=16 (full 0):
 garbage-first heap   total reserved 4009984K, committed 258048K, used 225291K [0x000000070b400000, 0x0000000800000000)
  region size 2048K, 66 young (135168K), 4 survivors (8192K)
}
Event: 8.095 {heap After GC invocations=17 (full 0):
 garbage-first heap   total reserved 4009984K, committed 258048K, used 103354K [0x000000070b400000, 0x0000000800000000)
  region size 2048K, 6 young (12288K), 6 survivors (12288K)
}
Event: 8.331 {heap Before GC invocations=17 (full 0):
 garbage-first heap   total reserved 4009984K, committed 258048K, used 228282K [0x000000070b400000, 0x0000000800000000)
  region size 2048K, 67 young (137216K), 6 survivors (12288K)
}
Event: 8.336 {heap After GC invocations=18 (full 0):
 garbage-first heap   total reserved 4009984K, committed 311296K, used 114869K [0x000000070b400000, 0x0000000800000000)
  region size 2048K, 8 young (16384K), 8 survivors (16384K)
}
Event: 8.835 {heap Before GC invocations=18 (full 0):
 garbage-first heap   total reserved 4009984K, committed 311296K, used 270517K [0x000000070b400000, 0x0000000800000000)
  region size 2048K, 83 young (169984K), 8 survivors (16384K)
}
Event: 8.838 {heap After GC invocations=19 (full 0):
 garbage-first heap   total reserved 4009984K, committed 311296K, used 108075K [0x000000070b400000, 0x0000000800000000)
  region size 2048K, 3 young (6144K), 3 survivors (6144K)
}
Event: 9.559 {heap Before GC invocations=19 (full 0):
 garbage-first heap   total reserved 4009984K, committed 311296K, used 224811K [0x000000070b400000, 0x0000000800000000)
  region size 2048K, 58 young (118784K), 3 survivors (6144K)
}
Event: 9.562 {heap After GC invocations=20 (full 0):
 garbage-first heap   total reserved 4009984K, committed 311296K, used 118405K [0x000000070b400000, 0x0000000800000000)
  region size 2048K, 6 young (12288K), 6 survivors (12288K)
}

Metaspace Usage History (20 events):
Event: 4.702 {metaspace Before GC invocations=10 (full 0):
 Metaspace       used 23520K, committed 23936K, reserved 1114112K
  class space    used 2710K, committed 2880K, reserved 1048576K
}
Event: 4.706 {metaspace After GC invocations=11 (full 0):
 Metaspace       used 23520K, committed 23936K, reserved 1114112K
  class space    used 2710K, committed 2880K, reserved 1048576K
}
Event: 4.762 {metaspace Before GC invocations=11 (full 0):
 Metaspace       used 23529K, committed 23936K, reserved 1114112K
  class space    used 2712K, committed 2880K, reserved 1048576K
}
Event: 4.764 {metaspace After GC invocations=12 (full 0):
 Metaspace       used 23529K, committed 23936K, reserved 1114112K
  class space    used 2712K, committed 2880K, reserved 1048576K
}
Event: 4.959 {metaspace Before GC invocations=12 (full 0):
 Metaspace       used 23799K, committed 24128K, reserved 1114112K
  class space    used 2741K, committed 2880K, reserved 1048576K
}
Event: 4.963 {metaspace After GC invocations=13 (full 0):
 Metaspace       used 23799K, committed 24128K, reserved 1114112K
  class space    used 2741K, committed 2880K, reserved 1048576K
}
Event: 5.999 {metaspace Before GC invocations=13 (full 0):
 Metaspace       used 31630K, committed 32192K, reserved 1114112K
  class space    used 3701K, committed 3968K, reserved 1048576K
}
Event: 6.013 {metaspace After GC invocations=14 (full 0):
 Metaspace       used 31630K, committed 32192K, reserved 1114112K
  class space    used 3701K, committed 3968K, reserved 1048576K
}
Event: 7.293 {metaspace Before GC invocations=14 (full 0):
 Metaspace       used 35556K, committed 36096K, reserved 1114112K
  class space    used 4121K, committed 4352K, reserved 1048576K
}
Event: 7.304 {metaspace After GC invocations=15 (full 0):
 Metaspace       used 35556K, committed 36096K, reserved 1114112K
  class space    used 4121K, committed 4352K, reserved 1048576K
}
Event: 7.701 {metaspace Before GC invocations=15 (full 0):
 Metaspace       used 35719K, committed 36224K, reserved 1114112K
  class space    used 4136K, committed 4352K, reserved 1048576K
}
Event: 7.707 {metaspace After GC invocations=16 (full 0):
 Metaspace       used 35719K, committed 36224K, reserved 1114112K
  class space    used 4136K, committed 4352K, reserved 1048576K
}
Event: 8.090 {metaspace Before GC invocations=16 (full 0):
 Metaspace       used 35723K, committed 36224K, reserved 1114112K
  class space    used 4136K, committed 4352K, reserved 1048576K
}
Event: 8.095 {metaspace After GC invocations=17 (full 0):
 Metaspace       used 35723K, committed 36224K, reserved 1114112K
  class space    used 4136K, committed 4352K, reserved 1048576K
}
Event: 8.331 {metaspace Before GC invocations=17 (full 0):
 Metaspace       used 35745K, committed 36224K, reserved 1114112K
  class space    used 4136K, committed 4352K, reserved 1048576K
}
Event: 8.336 {metaspace After GC invocations=18 (full 0):
 Metaspace       used 35745K, committed 36224K, reserved 1114112K
  class space    used 4136K, committed 4352K, reserved 1048576K
}
Event: 8.835 {metaspace Before GC invocations=18 (full 0):
 Metaspace       used 35916K, committed 36480K, reserved 1114112K
  class space    used 4152K, committed 4352K, reserved 1048576K
}
Event: 8.838 {metaspace After GC invocations=19 (full 0):
 Metaspace       used 35916K, committed 36480K, reserved 1114112K
  class space    used 4152K, committed 4352K, reserved 1048576K
}
Event: 9.559 {metaspace Before GC invocations=19 (full 0):
 Metaspace       used 36153K, committed 36608K, reserved 1114112K
  class space    used 4160K, committed 4352K, reserved 1048576K
}
Event: 9.562 {metaspace After GC invocations=20 (full 0):
 Metaspace       used 36153K, committed 36608K, reserved 1114112K
  class space    used 4160K, committed 4352K, reserved 1048576K
}

Dll operation events (8 events):
Event: 0.010 Loaded shared library C:\Program Files\Eclipse Adoptium\jdk-25.0.2.10-hotspot\bin\java.dll
Event: 0.045 Loaded shared library C:\Program Files\Eclipse Adoptium\jdk-25.0.2.10-hotspot\bin\net.dll
Event: 0.047 Loaded shared library C:\Program Files\Eclipse Adoptium\jdk-25.0.2.10-hotspot\bin\nio.dll
Event: 0.051 Loaded shared library C:\Program Files\Eclipse Adoptium\jdk-25.0.2.10-hotspot\bin\zip.dll
Event: 0.166 Loaded shared library C:\Program Files\Eclipse Adoptium\jdk-25.0.2.10-hotspot\bin\jimage.dll
Event: 0.166 Loaded shared library C:\Users\rezza\.m2\wrapper\dists\apache-maven-3.9.12\59fe215c0ad6947fea90184bf7add084544567b927287592651fda3782e0e798\lib\jansi-native\Windows\x86_64\jansi.dll
Event: 0.181 Loaded shared library C:\Program Files\Eclipse Adoptium\jdk-25.0.2.10-hotspot\bin\verify.dll
Event: 15.039 Loaded shared library C:\Program Files\Eclipse Adoptium\jdk-25.0.2.10-hotspot\bin\extnet.dll

Deoptimization events (20 events):
Event: 14.971 Thread 0x000002013e314220 Uncommon trap: trap_request=0xffffffde fr.pc=0x00000201513e41a0 relative=0x00000000000001a0
Event: 14.971 Thread 0x000002013e314220 Uncommon trap: reason=class_check action=maybe_recompile pc=0x00000201513e41a0 method=org.eclipse.aether.util.graph.manager.ClassicDependencyManager.hashCode()I @ 58 c2
Event: 14.971 Thread 0x000002013e314220 DEOPT PACKING pc=0x00000201513e41a0 sp=0x000000ec4c6fdac0
Event: 14.971 Thread 0x000002013e314220 DEOPT UNPACKING pc=0x00000201508f1202 sp=0x000000ec4c6fda48 mode 2
Event: 14.973 Thread 0x000002013e314220 Uncommon trap: trap_request=0xffffff45 fr.pc=0x0000020151056e70 relative=0x0000000000000370
Event: 14.973 Thread 0x000002013e314220 Uncommon trap: reason=unstable_if action=reinterpret pc=0x0000020151056e70 method=org.eclipse.aether.util.graph.transformer.ConflictResolver$State.deriveOptional(Lorg/eclipse/aether/graph/DependencyNode;Ljava/lang/Object;)Z @ 38 c2
Event: 14.973 Thread 0x000002013e314220 DEOPT PACKING pc=0x0000020151056e70 sp=0x000000ec4c6fdb40
Event: 14.973 Thread 0x000002013e314220 DEOPT UNPACKING pc=0x00000201508f1202 sp=0x000000ec4c6fdac0 mode 2
Event: 14.973 Thread 0x000002013e314220 Uncommon trap: trap_request=0xffffff45 fr.pc=0x00000201510f2af8 relative=0x00000000000027f8
Event: 14.973 Thread 0x000002013e314220 Uncommon trap: reason=unstable_if action=reinterpret pc=0x00000201510f2af8 method=org.eclipse.aether.util.graph.transformer.ConflictResolver$State.deriveOptional(Lorg/eclipse/aether/graph/DependencyNode;Ljava/lang/Object;)Z @ 38 c2
Event: 14.973 Thread 0x000002013e314220 DEOPT PACKING pc=0x00000201510f2af8 sp=0x000000ec4c6fdc00
Event: 14.973 Thread 0x000002013e314220 DEOPT UNPACKING pc=0x00000201508f1202 sp=0x000000ec4c6fdb38 mode 2
Event: 15.052 Thread 0x000002013e314220 Uncommon trap: trap_request=0xffffff45 fr.pc=0x00000201511f8af8 relative=0x0000000000000178
Event: 15.052 Thread 0x000002013e314220 Uncommon trap: reason=unstable_if action=reinterpret pc=0x00000201511f8af8 method=java.time.LocalTime.create(IIII)Ljava/time/LocalTime; @ 5 c2
Event: 15.052 Thread 0x000002013e314220 DEOPT PACKING pc=0x00000201511f8af8 sp=0x000000ec4c6fde10
Event: 15.052 Thread 0x000002013e314220 DEOPT UNPACKING pc=0x00000201508f1202 sp=0x000000ec4c6fdd30 mode 2
Event: 15.059 Thread 0x000002013e314220 Uncommon trap: trap_request=0xffffff45 fr.pc=0x00000201511f8704 relative=0x0000000000000084
Event: 15.059 Thread 0x000002013e314220 Uncommon trap: reason=unstable_if action=reinterpret pc=0x00000201511f8704 method=java.time.LocalTime.create(IIII)Ljava/time/LocalTime; @ 5 c2
Event: 15.059 Thread 0x000002013e314220 DEOPT PACKING pc=0x00000201511f8704 sp=0x000000ec4c6fdd90
Event: 15.059 Thread 0x000002013e314220 DEOPT UNPACKING pc=0x00000201508f1202 sp=0x000000ec4c6fdd30 mode 2

Classes loaded (20 events):
Event: 15.100 Loading class jdk/internal/event/ProcessStartEvent
Event: 15.100 Loading class jdk/internal/event/ProcessStartEvent done
Event: 15.100 Loading class jdk/internal/logger/LazyLoggers
Event: 15.100 Loading class jdk/internal/logger/LazyLoggers done
Event: 15.100 Loading class jdk/internal/logger/LazyLoggers$1
Event: 15.101 Loading class jdk/internal/logger/LazyLoggers$1 done
Event: 15.101 Loading class jdk/internal/logger/LazyLoggers$LazyLoggerFactories
Event: 15.101 Loading class jdk/internal/logger/LazyLoggers$LazyLoggerFactories done
Event: 15.101 Loading class jdk/internal/logger/LoggerFinderLoader
Event: 15.101 Loading class jdk/internal/logger/LoggerFinderLoader done
Event: 15.102 Loading class jdk/internal/logger/LoggerFinderLoader$TemporaryLoggerFinder
Event: 15.102 Loading class jdk/internal/logger/LoggerFinderLoader$TemporaryLoggerFinder done
Event: 15.102 Loading class sun/util/logging/internal/LoggingProviderImpl$JULWrapper
Event: 15.103 Loading class sun/util/logging/PlatformLogger$ConfigurableBridge$LoggerConfiguration
Event: 15.103 Loading class sun/util/logging/PlatformLogger$ConfigurableBridge$LoggerConfiguration done
Event: 15.103 Loading class sun/util/logging/internal/LoggingProviderImpl$JULWrapper done
Event: 15.103 Loading class java/lang/System$Logger$Level
Event: 15.104 Loading class java/lang/System$Logger$Level done
Event: 15.105 Loading class jdk/internal/event/ThreadSleepEvent
Event: 15.105 Loading class jdk/internal/event/ThreadSleepEvent done

Classes unloaded (20 events):
Event: 9.594 Thread 0x000002015fd618e0 Unloading class 0x000000000d2b1000 'org/apache/commons/cli/CommandLine$Builder'
Event: 9.594 Thread 0x000002015fd618e0 Unloading class 0x000000000d2b0c20 'org/apache/commons/cli/CommandLine'
Event: 9.594 Thread 0x000002015fd618e0 Unloading class 0x000000000d2b09e8 'org/apache/commons/cli/Parser$$Lambda+0x000000000d2b09e8'
Event: 9.594 Thread 0x000002015fd618e0 Unloading class 0x000000000d2b0778 'org/apache/commons/cli/MissingArgumentException'
Event: 9.594 Thread 0x000002015fd618e0 Unloading class 0x000000000d2b0508 'org/apache/commons/cli/MissingOptionException'
Event: 9.594 Thread 0x000002015fd618e0 Unloading class 0x000000000d2b0298 'org/apache/commons/cli/UnrecognizedOptionException'
Event: 9.594 Thread 0x000002015fd618e0 Unloading class 0x000000000d2b0000 'org/apache/commons/cli/GnuParser'
Event: 9.594 Thread 0x000002015fd618e0 Unloading class 0x000000000d2abbb8 'org/apache/commons/cli/Parser'
Event: 9.594 Thread 0x000002015fd618e0 Unloading class 0x000000000d2ab9a8 'org/apache/maven/cli/CleanArgument'
Event: 9.594 Thread 0x000002015fd618e0 Unloading class 0x000000000d2ab798 'org/apache/commons/cli/OptionValidator'
Event: 9.594 Thread 0x000002015fd618e0 Unloading class 0x000000000d2ab568 'org/apache/commons/cli/Option$Builder'
Event: 9.594 Thread 0x000002015fd618e0 Unloading class 0x000000000d2ab000 'org/apache/commons/cli/Option'
Event: 9.594 Thread 0x000002015fd618e0 Unloading class 0x000000000d2aaa08 'org/apache/commons/cli/Options'
Event: 9.594 Thread 0x000002015fd618e0 Unloading class 0x000000000d2aa800 'org/apache/commons/cli/CommandLineParser'
Event: 9.594 Thread 0x000002015fd618e0 Unloading class 0x000000000d2a9c78 'org/apache/maven/cli/CLIManager'
Event: 9.594 Thread 0x000002015fd618e0 Unloading class 0x000000000d2a9a10 'org/apache/commons/cli/ParseException'
Event: 9.594 Thread 0x000002015fd618e0 Unloading class 0x000000000d2a9800 'io/quarkus/bootstrap/resolver/maven/options/BootstrapMavenOptionsParser'
Event: 9.594 Thread 0x000002015fd618e0 Unloading class 0x000000000d298800 'java/lang/invoke/LambdaForm$DMH+0x000000000d298800'
Event: 9.594 Thread 0x000002015fd618e0 Unloading class 0x000000000d298c00 'java/lang/invoke/LambdaForm$DMH+0x000000000d298c00'
Event: 9.594 Thread 0x000002015fd618e0 Unloading class 0x000000000d298400 'java/lang/invoke/LambdaForm$DMH+0x000000000d298400'

Classes redefined (0 events):
No events

Internal exceptions (20 events):
Event: 9.402 Thread 0x000002013e314220 Exception <a 'sun/nio/fs/WindowsException'{0x0000000717e30128}> (0x0000000717e30128) 
thrown [s\src\hotspot\share\prims\jni.cpp, line 516]
Event: 9.403 Thread 0x000002013e314220 Exception <a 'sun/nio/fs/WindowsException'{0x0000000717e8c240}> (0x0000000717e8c240) 
thrown [s\src\hotspot\share\prims\jni.cpp, line 516]
Event: 9.403 Thread 0x000002013e314220 Exception <a 'sun/nio/fs/WindowsException'{0x0000000717e8d0d8}> (0x0000000717e8d0d8) 
thrown [s\src\hotspot\share\prims\jni.cpp, line 516]
Event: 9.403 Thread 0x000002013e314220 Exception <a 'sun/nio/fs/WindowsException'{0x0000000717e90790}> (0x0000000717e90790) 
thrown [s\src\hotspot\share\prims\jni.cpp, line 516]
Event: 9.404 Thread 0x000002013e314220 Exception <a 'sun/nio/fs/WindowsException'{0x0000000717e973f8}> (0x0000000717e973f8) 
thrown [s\src\hotspot\share\prims\jni.cpp, line 516]
Event: 9.407 Thread 0x000002013e314220 Exception <a 'sun/nio/fs/WindowsException'{0x0000000717f63228}> (0x0000000717f63228) 
thrown [s\src\hotspot\share\prims\jni.cpp, line 516]
Event: 9.407 Thread 0x000002013e314220 Exception <a 'sun/nio/fs/WindowsException'{0x0000000717f640c0}> (0x0000000717f640c0) 
thrown [s\src\hotspot\share\prims\jni.cpp, line 516]
Event: 9.407 Thread 0x000002013e314220 Exception <a 'sun/nio/fs/WindowsException'{0x0000000717f661d0}> (0x0000000717f661d0) 
thrown [s\src\hotspot\share\prims\jni.cpp, line 516]
Event: 9.407 Thread 0x000002013e314220 Exception <a 'sun/nio/fs/WindowsException'{0x0000000717f695d8}> (0x0000000717f695d8) 
thrown [s\src\hotspot\share\prims\jni.cpp, line 516]
Event: 9.556 Thread 0x000002013e314220 Exception <a 'sun/nio/fs/WindowsException'{0x00000007176cdff0}> (0x00000007176cdff0) 
thrown [s\src\hotspot\share\prims\jni.cpp, line 516]
Event: 14.741 Thread 0x000002013e314220 Exception <a 'java/lang/NoSuchMethodError'{0x00000007ffe35600}: 'java.lang.Object java.lang.invoke.DirectMethodHandle$Holder.invokeStatic(java.lang.Object, long, java.lang.Object)'> (0x00000007ffe35600) 
thrown [s\src\hotspot\share\interpreter\linkResolver.cpp, line 804]
Event: 14.742 Thread 0x000002013e314220 Exception <a 'java/lang/NoSuchMethodError'{0x00000007ffe3d740}: 'java.lang.Object java.lang.invoke.DirectMethodHandle$Holder.invokeStaticInit(java.lang.Object, long, java.lang.Object)'> (0x00000007ffe3d740) 
thrown [s\src\hotspot\share\interpreter\linkResolver.cpp, line 804]
Event: 14.743 Thread 0x000002013e314220 Exception <a 'java/lang/NoSuchMethodError'{0x00000007ffe4cc00}: 'java.lang.Object java.lang.invoke.DirectMethodHandle$Holder.newInvokeSpecial(java.lang.Object, long)'> (0x00000007ffe4cc00) 
thrown [s\src\hotspot\share\interpreter\linkResolver.cpp, line 804]
Event: 14.756 Thread 0x000002013e314220 Exception <a 'java/lang/NoSuchMethodError'{0x00000007ffe83438}: 'int java.lang.invoke.DirectMethodHandle$Holder.invokeSpecialIFC(java.lang.Object, java.lang.Object, java.lang.Object)'> (0x00000007ffe83438) 
thrown [s\src\hotspot\share\interpreter\linkResolver.cpp, line 804]
Event: 14.936 Thread 0x000002013e314220 Exception <a 'sun/nio/fs/WindowsException'{0x000000071e11bf78}> (0x000000071e11bf78) 
thrown [s\src\hotspot\share\prims\jni.cpp, line 516]
Event: 15.017 Thread 0x000002013e314220 Exception <a 'sun/nio/fs/WindowsException'{0x000000071d84aca0}> (0x000000071d84aca0) 
thrown [s\src\hotspot\share\prims\jni.cpp, line 516]
Event: 15.047 Thread 0x000002013e314220 Exception <a 'java/net/ConnectException'{0x000000071d85c928}: Connection refused: getsockopt> (0x000000071d85c928) 
thrown [s\src\hotspot\share\prims\jni.cpp, line 534]
Event: 15.067 Thread 0x000002013e314220 Exception <a 'java/lang/NoSuchMethodError'{0x000000071d8d9c98}: 'long java.lang.invoke.DirectMethodHandle$Holder.invokeSpecial(java.lang.Object, java.lang.Object)'> (0x000000071d8d9c98) 
thrown [s\src\hotspot\share\interpreter\linkResolver.cpp, line 804]
Event: 15.067 Thread 0x000002013e314220 Exception <a 'java/lang/NoSuchMethodError'{0x000000071d8e1e28}: 'long java.lang.invoke.Invokers$Holder.invokeExact_MT(java.lang.Object, java.lang.Object)'> (0x000000071d8e1e28) 
thrown [s\src\hotspot\share\interpreter\linkResolver.cpp, line 804]
Event: 15.098 Thread 0x000002013e314220 Exception <a 'java/lang/NoSuchMethodError'{0x000000071d948668}: 'void java.lang.invoke.DirectMethodHandle$Holder.invokeStatic(java.lang.Object, long)'> (0x000000071d948668) 
thrown [s\src\hotspot\share\interpreter\linkResolver.cpp, line 804]

VM Operations (20 events):
Event: 9.377 Executing non-safepoint VM operation: HandshakeAllThreads (Deoptimize)
Event: 9.377 Executing non-safepoint VM operation: HandshakeAllThreads (Deoptimize) done
Event: 9.558 Executing non-safepoint VM operation: HandshakeAllThreads (Deoptimize)
Event: 9.558 Executing non-safepoint VM operation: HandshakeAllThreads (Deoptimize) done
Event: 9.559 Executing safepoint VM operation: CollectForMetadataAllocation (Metadata GC Threshold)
Event: 9.562 Executing safepoint VM operation: CollectForMetadataAllocation (Metadata GC Threshold) done
Event: 9.594 Executing safepoint VM operation: G1PauseRemark
Event: 9.602 Executing safepoint VM operation: G1PauseRemark done
Event: 9.612 Executing safepoint VM operation: G1PauseCleanup
Event: 9.612 Executing safepoint VM operation: G1PauseCleanup done
Event: 14.748 Executing non-safepoint VM operation: HandshakeAllThreads (Deoptimize)
Event: 14.748 Executing non-safepoint VM operation: HandshakeAllThreads (Deoptimize) done
Event: 15.014 Executing non-safepoint VM operation: HandshakeAllThreads (Deoptimize)
Event: 15.014 Executing non-safepoint VM operation: HandshakeAllThreads (Deoptimize) done
Event: 15.033 Executing non-safepoint VM operation: HandshakeAllThreads (Deoptimize)
Event: 15.033 Executing non-safepoint VM operation: HandshakeAllThreads (Deoptimize) done
Event: 60.236 Executing non-safepoint VM operation: HandshakeAllThreads (HandshakeForDeflation)
Event: 60.236 Executing non-safepoint VM operation: HandshakeAllThreads (HandshakeForDeflation) done
Event: 60.236 Executing non-safepoint VM operation: RendezvousGCThreads
Event: 60.236 Executing non-safepoint VM operation: RendezvousGCThreads done

Memory protections (0 events):
No events

Nmethod flushes (20 events):
Event: 9.601 Thread 0x000002015fd618e0 flushing  nmethod 0x0000020149771488
Event: 9.601 Thread 0x000002015fd618e0 flushing  nmethod 0x0000020149771b88
Event: 9.601 Thread 0x000002015fd618e0 flushing  nmethod 0x0000020149771e88
Event: 9.601 Thread 0x000002015fd618e0 flushing  nmethod 0x00000201497f8a08
Event: 9.601 Thread 0x000002015fd618e0 flushing  nmethod 0x00000201497fb188
Event: 9.601 Thread 0x000002015fd618e0 flushing  nmethod 0x00000201497fb708
Event: 9.601 Thread 0x000002015fd618e0 flushing  nmethod 0x0000020149830f08
Event: 9.601 Thread 0x000002015fd618e0 flushing  nmethod 0x000002014986d508
Event: 9.601 Thread 0x000002015fd618e0 flushing  nmethod 0x00000201498d6488
Event: 9.601 Thread 0x000002015fd618e0 flushing  nmethod 0x000002014998f908
Event: 9.601 Thread 0x000002015fd618e0 flushing  nmethod 0x0000020149992608
Event: 9.601 Thread 0x000002015fd618e0 flushing  nmethod 0x00000201499f6188
Event: 9.601 Thread 0x000002015fd618e0 flushing  nmethod 0x0000020149a6a788
Event: 9.601 Thread 0x000002015fd618e0 flushing  nmethod 0x0000020149a6e688
Event: 9.601 Thread 0x000002015fd618e0 flushing  nmethod 0x0000020149b9eb88
Event: 9.601 Thread 0x000002015fd618e0 flushing  nmethod 0x0000020149bed088
Event: 9.601 Thread 0x000002015fd618e0 flushing  nmethod 0x0000020149bed508
Event: 9.601 Thread 0x000002015fd618e0 flushing  nmethod 0x0000020149bee688
Event: 9.601 Thread 0x000002015fd618e0 flushing  nmethod 0x0000020149c4ee08
Event: 9.601 Thread 0x000002015fd618e0 flushing  nmethod 0x0000020149cca608

Events (20 events):
Event: 3.693 Thread 0x0000020166c74270 Thread added: 0x0000020166c759e0
Event: 9.194 Thread 0x000002015fdc86f0 Thread exited: 0x000002015fdc86f0
Event: 9.429 Thread 0x000002015fdc3e60 Thread added: 0x000002016769f180
Event: 14.736 Thread 0x000002016769f180 Thread exited: 0x000002016769f180
Event: 14.739 Thread 0x000002015fdc4e80 Thread exited: 0x000002015fdc4e80
Event: 14.960 Thread 0x000002015fdc3e60 Thread added: 0x00000201676a8ab0
Event: 14.965 Thread 0x000002015fdc3e60 Thread added: 0x00000201676a9ad0
Event: 20.196 Thread 0x00000201676a9ad0 Thread exited: 0x00000201676a9ad0
Event: 20.605 Thread 0x00000201676a8ab0 Thread exited: 0x00000201676a8ab0
Event: 74.733 Thread 0x0000020166c74270 Thread exited: 0x0000020166c74270
Event: 74.758 Thread 0x000002016595d5a0 Thread exited: 0x000002016595d5a0
Event: 74.790 Thread 0x000002016595f4e0 Thread exited: 0x000002016595f4e0
Event: 74.817 Thread 0x0000020166c6fc20 Thread exited: 0x0000020166c6fc20
Event: 74.850 Thread 0x0000020166c73aa0 Thread exited: 0x0000020166c73aa0
Event: 74.875 Thread 0x000002016595ed10 Thread exited: 0x000002016595ed10
Event: 74.901 Thread 0x0000020166c70bc0 Thread exited: 0x0000020166c70bc0
Event: 74.926 Thread 0x000002016595e540 Thread exited: 0x000002016595e540
Event: 74.960 Thread 0x0000020166c75210 Thread exited: 0x0000020166c75210
Event: 74.984 Thread 0x0000020166c71b60 Thread exited: 0x0000020166c71b60
Event: 75.009 Thread 0x0000020166c759e0 Thread exited: 0x0000020166c759e0


Dynamic libraries:
0x00007ff77bc20000 - 0x00007ff77bc2e000 	C:\Program Files\Eclipse Adoptium\jdk-25.0.2.10-hotspot\bin\java.exe
0x00007ffdf3da0000 - 0x00007ffdf4007000 	C:\windows\SYSTEM32\ntdll.dll
0x00007ffdf3000000 - 0x00007ffdf30c9000 	C:\windows\System32\KERNEL32.DLL
0x00007ffdf12e0000 - 0x00007ffdf16d4000 	C:\windows\System32\KERNELBASE.dll
0x00007ffdf0870000 - 0x00007ffdf09bb000 	C:\windows\System32\ucrtbase.dll
0x00007ffde24d0000 - 0x00007ffde24ee000 	C:\Program Files\Eclipse Adoptium\jdk-25.0.2.10-hotspot\bin\VCRUNTIME140.dll
0x00007ffddddc0000 - 0x00007ffddddd6000 	C:\Program Files\Eclipse Adoptium\jdk-25.0.2.10-hotspot\bin\jli.dll
0x00007ffdf3350000 - 0x00007ffdf3515000 	C:\windows\System32\USER32.dll
0x00007ffdd3c80000 - 0x00007ffdd3f13000 	C:\windows\WinSxS\amd64_microsoft.windows.common-controls_6595b64144ccf1df_6.0.26100.8115_none_3e075c82e3354f9c\COMCTL32.dll
0x00007ffdf1a50000 - 0x00007ffdf1a77000 	C:\windows\System32\win32u.dll
0x00007ffdf2610000 - 0x00007ffdf26b9000 	C:\windows\System32\msvcrt.dll
0x00007ffdf2c30000 - 0x00007ffdf2c5b000 	C:\windows\System32\GDI32.dll
0x00007ffdf17a0000 - 0x00007ffdf18cb000 	C:\windows\System32\gdi32full.dll
0x00007ffdf1a80000 - 0x00007ffdf1b23000 	C:\windows\System32\msvcp_win.dll
0x00007ffdf25d0000 - 0x00007ffdf2602000 	C:\windows\System32\IMM32.DLL
0x00007ffde2620000 - 0x00007ffde262c000 	C:\Program Files\Eclipse Adoptium\jdk-25.0.2.10-hotspot\bin\vcruntime140_1.dll
0x00007ffddd0d0000 - 0x00007ffddd15d000 	C:\Program Files\Eclipse Adoptium\jdk-25.0.2.10-hotspot\bin\msvcp140.dll
0x00007ffd19d20000 - 0x00007ffd1ac46000 	C:\Program Files\Eclipse Adoptium\jdk-25.0.2.10-hotspot\bin\server\jvm.dll
0x00007ffdf3990000 - 0x00007ffdf3a46000 	C:\windows\System32\ADVAPI32.dll
0x00007ffdf1b80000 - 0x00007ffdf1c27000 	C:\windows\System32\sechost.dll
0x00007ffdf3870000 - 0x00007ffdf3988000 	C:\windows\System32\RPCRT4.dll
0x00007ffdf37e0000 - 0x00007ffdf3860000 	C:\windows\System32\WS2_32.dll
0x00007ffdf04d0000 - 0x00007ffdf052e000 	C:\windows\SYSTEM32\POWRPROF.dll
0x00007ffde3b10000 - 0x00007ffde3b46000 	C:\windows\SYSTEM32\WINMM.dll
0x00007ffde24f0000 - 0x00007ffde24fb000 	C:\windows\SYSTEM32\VERSION.dll
0x00007ffdf04b0000 - 0x00007ffdf04c4000 	C:\windows\SYSTEM32\UMPDC.dll
0x00007ffdef400000 - 0x00007ffdef41b000 	C:\windows\SYSTEM32\kernel.appcore.dll
0x00007ffde24c0000 - 0x00007ffde24ca000 	C:\Program Files\Eclipse Adoptium\jdk-25.0.2.10-hotspot\bin\jimage.dll
0x00007ffdee4b0000 - 0x00007ffdee6f2000 	C:\windows\SYSTEM32\DBGHELP.DLL
0x00007ffdf2c60000 - 0x00007ffdf2fe2000 	C:\windows\System32\combase.dll
0x00007ffdf2b50000 - 0x00007ffdf2c28000 	C:\windows\System32\OLEAUT32.dll
0x00007ffddc180000 - 0x00007ffddc1bb000 	C:\windows\SYSTEM32\dbgcore.DLL
0x00007ffdf09c0000 - 0x00007ffdf0a65000 	C:\windows\System32\bcryptPrimitives.dll
0x00007ffdddcd0000 - 0x00007ffdddcee000 	C:\Program Files\Eclipse Adoptium\jdk-25.0.2.10-hotspot\bin\java.dll
0x00007ffdf3640000 - 0x00007ffdf37d7000 	C:\windows\System32\ole32.dll
0x00007ffdf1c30000 - 0x00007ffdf2397000 	C:\windows\System32\SHELL32.dll
0x00007ffdf0670000 - 0x00007ffdf07da000 	C:\windows\System32\wintypes.dll
0x00007ffdf0a70000 - 0x00007ffdf12d8000 	C:\windows\System32\windows.storage.dll
0x00007ffdf3ad0000 - 0x00007ffdf3bc8000 	C:\windows\System32\SHCORE.dll
0x00007ffdf32e0000 - 0x00007ffdf3346000 	C:\windows\System32\shlwapi.dll
0x00007ffdf0590000 - 0x00007ffdf05b9000 	C:\windows\SYSTEM32\profapi.dll
0x00007ffdddb90000 - 0x00007ffdddba1000 	C:\Program Files\Eclipse Adoptium\jdk-25.0.2.10-hotspot\bin\net.dll
0x00007ffdef970000 - 0x00007ffdef9dc000 	C:\windows\system32\mswsock.dll
0x00007ffddd0b0000 - 0x00007ffddd0c6000 	C:\Program Files\Eclipse Adoptium\jdk-25.0.2.10-hotspot\bin\nio.dll
0x00007ffddd090000 - 0x00007ffddd0a7000 	C:\Program Files\Eclipse Adoptium\jdk-25.0.2.10-hotspot\bin\zip.dll
0x00007ffddd060000 - 0x00007ffddd084000 	C:\Users\rezza\.m2\wrapper\dists\apache-maven-3.9.12\59fe215c0ad6947fea90184bf7add084544567b927287592651fda3782e0e798\lib\jansi-native\Windows\x86_64\jansi.dll
0x00007ffde1bf0000 - 0x00007ffde1c00000 	C:\Program Files\Eclipse Adoptium\jdk-25.0.2.10-hotspot\bin\verify.dll
0x00007ffdefc60000 - 0x00007ffdefc7b000 	C:\windows\SYSTEM32\CRYPTSP.dll
0x00007ffdef360000 - 0x00007ffdef399000 	C:\windows\system32\rsaenh.dll
0x00007ffdefa20000 - 0x00007ffdefa53000 	C:\windows\SYSTEM32\USERENV.dll
0x00007ffdf0560000 - 0x00007ffdf058a000 	C:\windows\SYSTEM32\bcrypt.dll
0x00007ffdefc50000 - 0x00007ffdefc5c000 	C:\windows\SYSTEM32\CRYPTBASE.dll
0x00007ffdeed50000 - 0x00007ffdeed82000 	C:\windows\SYSTEM32\IPHLPAPI.DLL
0x00007ffdf24a0000 - 0x00007ffdf24aa000 	C:\windows\System32\NSI.dll
0x00007ffdcd500000 - 0x00007ffdcd518000 	C:\windows\system32\napinsp.dll
0x00007ffdeed90000 - 0x00007ffdeeec2000 	C:\windows\SYSTEM32\DNSAPI.dll
0x00007ffdcd340000 - 0x00007ffdcd353000 	C:\windows\System32\winrnr.dll
0x00007ffdcd310000 - 0x00007ffdcd332000 	C:\windows\system32\nlansp_c.dll
0x00007ffdcd2f0000 - 0x00007ffdcd306000 	C:\windows\system32\wshbth.dll
0x00007ffdea730000 - 0x00007ffdea73b000 	C:\Windows\System32\rasadhlp.dll
0x00007ffdeb8d0000 - 0x00007ffdeb956000 	C:\windows\System32\fwpuclnt.dll
0x00007ffddddb0000 - 0x00007ffddddb9000 	C:\Program Files\Eclipse Adoptium\jdk-25.0.2.10-hotspot\bin\extnet.dll

JVMTI agents: none

dbghelp: loaded successfully - version: 4.0.5 - missing functions: none
symbol engine: initialized successfully - sym options: 0x614 - pdb path: .;C:\Program Files\Eclipse Adoptium\jdk-25.0.2.10-hotspot\bin;C:\windows\SYSTEM32;C:\windows\WinSxS\amd64_microsoft.windows.common-controls_6595b64144ccf1df_6.0.26100.8115_none_3e075c82e3354f9c;C:\Program Files\Eclipse Adoptium\jdk-25.0.2.10-hotspot\bin\server;C:\Users\rezza\.m2\wrapper\dists\apache-maven-3.9.12\59fe215c0ad6947fea90184bf7add084544567b927287592651fda3782e0e798\lib\jansi-native\Windows\x86_64

VM Arguments:
jvm_args: --enable-native-access=ALL-UNNAMED -Dclassworlds.conf=C:\Users\rezza\.m2\wrapper\dists\apache-maven-3.9.12\59fe215c0ad6947fea90184bf7add084544567b927287592651fda3782e0e798\bin\m2.conf -Dmaven.home=C:\Users\rezza\.m2\wrapper\dists\apache-maven-3.9.12\59fe215c0ad6947fea90184bf7add084544567b927287592651fda3782e0e798 -Dlibrary.jansi.path=C:\Users\rezza\.m2\wrapper\dists\apache-maven-3.9.12\59fe215c0ad6947fea90184bf7add084544567b927287592651fda3782e0e798\lib\jansi-native -Dmaven.multiModuleProjectDirectory=C:\Users\rezza\IdeaProjects\data_base 
java_command: org.codehaus.plexus.classworlds.launcher.Launcher quarkus:dev
java_class_path (initial): C:\Users\rezza\.m2\wrapper\dists\apache-maven-3.9.12\59fe215c0ad6947fea90184bf7add084544567b927287592651fda3782e0e798\boot\plexus-classworlds-2.9.0.jar
Launcher Type: SUN_STANDARD

[Global flags]
     intx CICompilerCount                          = 4                                         {product} {ergonomic}
     uint ConcGCThreads                            = 3                                         {product} {ergonomic}
     uint G1ConcRefinementThreads                  = 10                                        {product} {ergonomic}
   size_t G1HeapRegionSize                         = 2097152                                   {product} {ergonomic}
   size_t InitialHeapSize                          = 257949696                                 {product} {ergonomic}
   size_t MarkStackSize                            = 4194304                                   {product} {ergonomic}
   size_t MarkStackSizeMax                         = 536870912                                 {product} {ergonomic}
   size_t MaxHeapSize                              = 4106223616                                {product} {ergonomic}
   size_t MaxNewSize                               = 2462056448                                {product} {ergonomic}
   size_t MinHeapDeltaBytes                        = 2097152                                   {product} {ergonomic}
   size_t MinHeapSize                              = 8388608                                   {product} {ergonomic}
    uintx NonNMethodCodeHeapSize                   = 5832704                                {pd product} {ergonomic}
    uintx NonProfiledCodeHeapSize                  = 122945536                              {pd product} {ergonomic}
    uintx ProfiledCodeHeapSize                     = 122880000                              {pd product} {ergonomic}
    uintx ReservedCodeCacheSize                    = 251658240                              {pd product} {ergonomic}
     bool SegmentedCodeCache                       = true                                      {product} {ergonomic}
   size_t SoftMaxHeapSize                          = 4106223616                             {manageable} {ergonomic}
     bool UseCompressedOops                        = true                           {product lp64_product} {ergonomic}
     bool UseG1GC                                  = true                                      {product} {ergonomic}
     bool UseLargePagesIndividualAllocation        = false                                  {pd product} {ergonomic}

Logging:
Log output configuration:
 #0: stdout all=warning uptime,level,tags foldmultilines=false
 #1: stderr all=off uptime,level,tags foldmultilines=false

Release file:
IMPLEMENTOR="Eclipse Adoptium" 
IMPLEMENTOR_VERSION="Temurin-25.0.2+10" 
JAVA_RUNTIME_VERSION="25.0.2+10-LTS" 
JAVA_VERSION="25.0.2" 
JAVA_VERSION_DATE="2026-01-20" 
LIBC="default" 
MODULES="java.base java.compiler java.datatransfer java.xml java.prefs java.desktop java.instrument java.logging java.management java.security.sasl java.naming java.rmi java.management.rmi java.net.http java.scripting java.security.jgss java.transaction.xa java.sql java.sql.rowset java.xml.crypto java.se java.smartcardio jdk.accessibility jdk.internal.jvmstat jdk.attach jdk.charsets jdk.internal.opt jdk.zipfs jdk.compiler jdk.crypto.cryptoki jdk.crypto.ec jdk.crypto.mscapi jdk.dynalink jdk.internal.ed jdk.editpad jdk.internal.vm.ci jdk.graal.compiler jdk.graal.compiler.management jdk.hotspot.agent jdk.httpserver jdk.incubator.vector jdk.internal.le jdk.internal.md jdk.jartool jdk.javadoc jdk.jcmd jdk.management jdk.management.agent jdk.jconsole jdk.jdeps jdk.jdwp.agent jdk.jdi jdk.jfr jdk.jlink jdk.jpackage jdk.jshell jdk.jsobject jdk.jstatd jdk.localedata jdk.management.jfr jdk.naming.dns jdk.naming.rmi jdk.net jdk.nio.mapmode jdk.sctp jdk.security.auth jdk.security.jgss jdk.unsupported jdk.unsupported.desktop jdk.xml.dom" 
OS_ARCH="x86_64" 
OS_NAME="Windows" 
SOURCE=".:git:9e3c947043a4" 
BUILD_SOURCE="git:458965074606f027bd5afce2cfd5c1055dea0438"
BUILD_SOURCE_REPO="https://github.com/adoptium/temurin-build.git"
SOURCE_REPO="https://github.com/adoptium/jdk25u.git"
FULL_VERSION="25.0.2+10-LTS"
SEMANTIC_VERSION="25.0.2+10"
BUILD_INFO="OS: Windows Server 2022 Version: 10.0"
JVM_VARIANT="Hotspot"
JVM_VERSION="25.0.2+10-LTS"
IMAGE_TYPE="JDK"

Environment Variables:
PATH=C:\Program Files\Eclipse Adoptium\jdk-25.0.2.10-hotspot\bin;C:\Program Files\Eclipse Adoptium\jdk-17.0.18.8-hotspot\bin;C:\windows\system32;C:\windows;C:\windows\System32\Wbem;C:\windows\System32\WindowsPowerShell\v1.0\;C:\windows\System32\OpenSSH\;C:\Program Files\Git\cmd;C:\Users\rezza\AppData\Local\Programs\Python\Python312\Scripts\;C:\Users\rezza\AppData\Local\Programs\Python\Python312\;C:\Users\rezza\AppData\Local\Programs\Python\Launcher\;C:\Users\rezza\AppData\Local\Microsoft\WindowsApps;C:\Users\rezza\AppData\Local\Programs\Microsoft VS Code\bin;C:\MinGW\bin;C:\Users\rezza\IdeaProjects\IntelliJ IDEA 2025.3.2\bin;C:\Program Files\Git\cmd;
USERNAME=rezza
TERM=xterm
OS=Windows_NT
PROCESSOR_IDENTIFIER=AMD64 Family 25 Model 117 Stepping 2, AuthenticAMD
TMP=C:\Users\rezza\AppData\Local\Temp
TEMP=C:\Users\rezza\AppData\Local\Temp




Compilation memory statistics disabled.

Periodic native trim disabled

---------------  S Y S T E M  ---------------

OS:
 Windows 11 , 64 bit Build 26100 (10.0.26100.8246)
OS uptime: 0 days 15:40 hours
Hyper-V role detected

CPU: total 12 (initial active 12) (12 cores per cpu, 2 threads per core) family 25 model 117 stepping 2 microcode 0xa70520a, cx8, cmov, fxsr, ht, mmx, 3dnowpref, sse, sse2, sse3, ssse3, sse4a, sse4.1, sse4.2, popcnt, lzcnt, tsc, tscinvbit, avx, avx2, aes, erms, clmul, bmi1, bmi2, adx, avx512f, avx512dq, avx512cd, avx512bw, avx512vl, sha, fma, vzeroupper, avx512_vpopcntdq, avx512_vpclmulqdq, avx512_vaes, avx512_vnni, clflush, clflushopt, clwb, avx512_vbmi2, avx512_vbmi, hv, rdtscp, rdpid, fsrm, gfni, avx512_bitalg, f16c, cet_ss, avx512_ifma
Processor Information for the first 12 processors :
  Max Mhz: 3501, Current Mhz: 2486, Mhz Limit: 3501

Memory: 4k page, system-wide physical 15662M (1055M free)
TotalPageFile size 62766M (AvailPageFile size 2M)
current process WorkingSet (physical memory assigned to process): 22M, peak: 568M
current process commit charge ("private bytes"): 507M, peak: 617M

vm_info: OpenJDK 64-Bit Server VM (25.0.2+10-LTS) for windows-amd64 JRE (25.0.2+10-LTS), built on 2026-01-20T00:00:00Z with MS VC++ 17.12 (VS2022)

END.
